  pch.cpp
  FastSlerp.cpp
e:\learning\weihaoyan\gameengine\igm-gameengine-slerp\main\main\fastslerp.cpp(28): warning C4244: “参数”: 从“double”转换到“float”，可能丢失数据
e:\learning\weihaoyan\gameengine\igm-gameengine-slerp\main\main\fastslerp.cpp(43): warning C4244: “参数”: 从“double”转换到“float”，可能丢失数据
  main.cpp
e:\learning\weihaoyan\gameengine\igm-gameengine-slerp\main\main\math.h(646): warning C4838: 从“double”转换到“f32”需要收缩转换
e:\learning\weihaoyan\gameengine\igm-gameengine-slerp\main\main\math.h(646): warning C4244: “初始化”: 从“double”转换到“f32”，可能丢失数据
  Math.cpp
e:\learning\weihaoyan\gameengine\igm-gameengine-slerp\main\main\math.h(43): warning C4244: “return”: 从“double”转换到“f32”，可能丢失数据
e:\learning\weihaoyan\gameengine\igm-gameengine-slerp\main\main\math.h(48): warning C4244: “return”: 从“double”转换到“f32”，可能丢失数据
e:\learning\weihaoyan\gameengine\igm-gameengine-slerp\main\main\math.h(53): warning C4244: “return”: 从“double”转换到“f32”，可能丢失数据
e:\learning\weihaoyan\gameengine\igm-gameengine-slerp\main\main\math.h(58): warning C4244: “return”: 从“double”转换到“f32”，可能丢失数据
e:\learning\weihaoyan\gameengine\igm-gameengine-slerp\main\main\math.h(63): warning C4244: “return”: 从“double”转换到“f32”，可能丢失数据
e:\learning\weihaoyan\gameengine\igm-gameengine-slerp\main\main\math.h(68): warning C4244: “return”: 从“double”转换到“f32”，可能丢失数据
e:\learning\weihaoyan\gameengine\igm-gameengine-slerp\main\main\math.h(646): warning C4838: 从“double”转换到“f32”需要收缩转换
e:\learning\weihaoyan\gameengine\igm-gameengine-slerp\main\main\math.h(646): warning C4244: “初始化”: 从“double”转换到“f32”，可能丢失数据
e:\learning\weihaoyan\gameengine\igm-gameengine-slerp\main\main\math.h(953): warning C4244: “return”: 从“double”转换到“f32”，可能丢失数据
e:\learning\weihaoyan\gameengine\igm-gameengine-slerp\main\main\math.cpp(258): warning C4244: “初始化”: 从“double”转换到“f32”，可能丢失数据
e:\learning\weihaoyan\gameengine\igm-gameengine-slerp\main\main\math.cpp(258): warning C4244: “初始化”: 从“double”转换到“const f32”，可能丢失数据
e:\learning\weihaoyan\gameengine\igm-gameengine-slerp\main\main\math.cpp(268): warning C4244: “初始化”: 从“double”转换到“f32”，可能丢失数据
e:\learning\weihaoyan\gameengine\igm-gameengine-slerp\main\main\math.cpp(268): warning C4244: “初始化”: 从“double”转换到“const f32”，可能丢失数据
  MathX.cpp
  SlowSlerp.cpp
e:\learning\weihaoyan\gameengine\igm-gameengine-slerp\main\main\math.h(43): warning C4244: “return”: 从“double”转换到“f32”，可能丢失数据
e:\learning\weihaoyan\gameengine\igm-gameengine-slerp\main\main\math.h(48): warning C4244: “return”: 从“double”转换到“f32”，可能丢失数据
e:\learning\weihaoyan\gameengine\igm-gameengine-slerp\main\main\math.h(53): warning C4244: “return”: 从“double”转换到“f32”，可能丢失数据
e:\learning\weihaoyan\gameengine\igm-gameengine-slerp\main\main\math.h(58): warning C4244: “return”: 从“double”转换到“f32”，可能丢失数据
e:\learning\weihaoyan\gameengine\igm-gameengine-slerp\main\main\math.h(63): warning C4244: “return”: 从“double”转换到“f32”，可能丢失数据
e:\learning\weihaoyan\gameengine\igm-gameengine-slerp\main\main\math.h(68): warning C4244: “return”: 从“double”转换到“f32”，可能丢失数据
e:\learning\weihaoyan\gameengine\igm-gameengine-slerp\main\main\math.h(646): warning C4838: 从“double”转换到“f32”需要收缩转换
e:\learning\weihaoyan\gameengine\igm-gameengine-slerp\main\main\math.h(646): warning C4244: “初始化”: 从“double”转换到“f32”，可能丢失数据
e:\learning\weihaoyan\gameengine\igm-gameengine-slerp\main\main\math.h(953): warning C4244: “return”: 从“double”转换到“f32”，可能丢失数据
  正在生成代码...
  main.vcxproj -> E:\learning\WeihaoYan\GameEngine\IGM-GameEngine-Slerp\main\x64\Debug\main.exe
